2021-09-20T13:54:41.628-0500 INFO     Loggers starting up... [com.comsol.logger]
2021-09-20T13:54:41.629-0500 INFO     File logger initialized. [com.comsol.logger]
2021-09-20T13:54:41.631-0500 INFO     Loggers registered with log service. [com.comsol.logger]
2021-09-20T13:54:41.632-0500 INFO     Loggers completed starting. [com.comsol.logger]
2021-09-20T13:54:41.634-0500 INFO     BundleEvent STARTED [com.comsol.logger]
2021-09-20T13:54:41.644-0500 INFO     COMSOL 5.4.0.388 starting. [com.comsol.util]
2021-09-20T13:54:41.851-0500 INFO     LD_LIBRARY_PATH=/shared/hpc/comsol/5.4/multiphysics/java/glnxa64/jre/lib/amd64/server:/shared/hpc/comsol/5.4/multiphysics/java/glnxa64/jre/lib/amd64:/shared/hpc/comsol/5.4/multiphysics/ext/graphicsmagick/glnxa64/:/shared/hpc/comsol/5.4/multiphysics/ext/impi/glnxa64/lib64:/shared/hpc/comsol/5.4/multiphysics/ext/cadimport/glnxa64:/shared/hpc/comsol/5.4/multiphysics/lib/glnxa64:/shared/hpc/comsol/5.4/multiphysics/lib/glnxa64/gcc [com.comsol.util]
2021-09-20T13:54:41.852-0500 INFO     BundleEvent STARTED [com.comsol.cluster]
2021-09-20T13:54:41.865-0500 INFO     BundleEvent STARTED [com.comsol.nativeutil]
2021-09-20T13:54:42.989-0500 INFO     BundleEvent STARTED [com.comsol.nativejni]
2021-09-20T13:54:43.455-0500 INFO     BundleEvent STARTED [com.comsol.nativemph]
2021-09-20T13:54:43.457-0500 INFO     BundleEvent STARTED [com.comsol.model]
2021-09-20T13:54:43.568-0500 INFO     FrameworkEvent INFO [com.ibm.icu]
2021-09-20T13:54:43.569-0500 INFO     BundleEvent STARTED [com.ibm.icu]
2021-09-20T13:54:43.576-0500 INFO     BundleEvent STARTED [org.eclipse.emf.common]
2021-09-20T13:54:43.993-0500 INFO     BundleEvent STARTED [com.comsol.geommesh]
2021-09-20T13:54:44.102-0500 INFO     BundleEvent STARTED [com.comsol.post]
2021-09-20T13:54:44.138-0500 INFO     BundleEvent STARTED [com.comsol.loader]
2021-09-20T13:54:44.152-0500 INFO     BundleEvent STARTED [org.eclipse.emf.ecore]
2021-09-20T13:54:45.551-0500 INFO     BundleEvent STARTED [com.comsol.nativebasicutil]
2021-09-20T13:58:02.349-0500 DEBUG    ServiceEvent MODIFIED [org.eclipse.equinox.app]
2021-09-20T13:58:02.350-0500 DEBUG    ServiceEvent MODIFIED [org.eclipse.equinox.app]
2021-09-20T13:58:02.350-0500 DEBUG    ServiceEvent MODIFIED [org.eclipse.equinox.app]
2021-09-20T13:58:02.351-0500 DEBUG    ServiceEvent MODIFIED [org.eclipse.equinox.app]
2021-09-20T13:58:02.352-0500 DEBUG    ServiceEvent MODIFIED [org.eclipse.equinox.app]
2021-09-20T13:58:02.353-0500 DEBUG    ServiceEvent MODIFIED [org.eclipse.equinox.app]
2021-09-20T13:58:02.354-0500 DEBUG    ServiceEvent MODIFIED [org.eclipse.equinox.app]
2021-09-20T13:58:02.355-0500 DEBUG    ServiceEvent MODIFIED [org.eclipse.equinox.app]
2021-09-20T13:58:02.355-0500 DEBUG    ServiceEvent MODIFIED [org.eclipse.equinox.app]
2021-09-20T13:58:02.356-0500 DEBUG    ServiceEvent MODIFIED [org.eclipse.equinox.app]
2021-09-20T13:58:02.357-0500 DEBUG    ServiceEvent MODIFIED [org.eclipse.equinox.app]
2021-09-20T13:58:02.358-0500 DEBUG    ServiceEvent MODIFIED [org.eclipse.equinox.app]
2021-09-20T13:58:02.359-0500 DEBUG    ServiceEvent MODIFIED [org.eclipse.equinox.app]
2021-09-20T13:58:02.359-0500 DEBUG    ServiceEvent MODIFIED [org.eclipse.equinox.app]
2021-09-20T13:58:02.360-0500 DEBUG    ServiceEvent MODIFIED [org.eclipse.equinox.app]
2021-09-20T13:58:02.361-0500 DEBUG    ServiceEvent MODIFIED [org.eclipse.equinox.app]
2021-09-20T13:58:02.362-0500 DEBUG    ServiceEvent MODIFIED [org.eclipse.equinox.app]
2021-09-20T13:58:02.363-0500 DEBUG    ServiceEvent MODIFIED [org.eclipse.equinox.app]
2021-09-20T13:58:02.364-0500 DEBUG    ServiceEvent MODIFIED [org.eclipse.equinox.app]
2021-09-20T13:58:02.365-0500 DEBUG    ServiceEvent MODIFIED [org.eclipse.equinox.app]
2021-09-20T13:58:02.366-0500 DEBUG    ServiceEvent MODIFIED [org.eclipse.equinox.app]
2021-09-20T13:58:02.367-0500 INFO     ServiceEvent UNREGISTERING [org.eclipse.equinox.app]
2021-09-20T13:58:02.367-0500 INFO     ServiceEvent UNREGISTERING [org.eclipse.osgi]
2021-09-20T13:58:02.368-0500 INFO     ServiceEvent UNREGISTERING [org.eclipse.osgi]
2021-09-20T13:58:02.369-0500 INFO     BundleEvent STOPPED [com.comsol.bridge]
2021-09-20T13:58:02.370-0500 INFO     BundleEvent STOPPED [com.comsol.guipost]
2021-09-20T13:58:02.371-0500 INFO     BundleEvent STOPPED [com.comsol.guicapeopen]
2021-09-20T13:58:02.371-0500 INFO     BundleEvent STOPPED [com.comsol.guigeommesh]
2021-09-20T13:58:02.372-0500 INFO     BundleEvent STOPPED [com.comsol.guimph]
2021-09-20T13:58:02.373-0500 INFO     BundleEvent STOPPED [com.comsol.post]
2021-09-20T13:58:02.374-0500 INFO     BundleEvent STOPPED [com.comsol.geommesh]
2021-09-20T13:58:02.375-0500 INFO     BundleEvent STOPPED [com.comsol.guiswt]
2021-09-20T13:58:02.376-0500 INFO     BundleEvent STOPPED [com.comsol.widgets.swt]
2021-09-20T13:58:02.376-0500 INFO     BundleEvent STOPPED [org.eclipse.emf.edit.ui]
2021-09-20T13:58:02.377-0500 INFO     BundleEvent STOPPED [org.eclipse.emf.common.ui]
2021-09-20T13:58:02.378-0500 INFO     BundleEvent STOPPED [org.eclipse.ui]
2021-09-20T13:58:02.379-0500 INFO     ServiceEvent UNREGISTERING [org.eclipse.ui.workbench]
2021-09-20T13:58:02.380-0500 INFO     BundleEvent STOPPED [org.eclipse.ui.workbench]
2021-09-20T13:58:02.380-0500 INFO     BundleEvent STOPPED [org.eclipse.e4.ui.workbench.addons.swt]
2021-09-20T13:58:02.381-0500 INFO     BundleEvent STOPPED [org.eclipse.e4.ui.workbench.renderers.swt]
2021-09-20T13:58:02.382-0500 INFO     ServiceEvent UNREGISTERING [org.eclipse.e4.ui.workbench.swt]
2021-09-20T13:58:02.383-0500 INFO     ServiceEvent UNREGISTERING [org.eclipse.e4.ui.workbench.swt]
2021-09-20T13:58:02.384-0500 INFO     ServiceEvent UNREGISTERING [org.eclipse.e4.ui.workbench.swt]
2021-09-20T13:58:02.385-0500 INFO     BundleEvent STOPPED [org.eclipse.e4.ui.workbench.swt]
2021-09-20T13:58:02.386-0500 INFO     ServiceEvent UNREGISTERING [org.eclipse.e4.ui.workbench]
2021-09-20T13:58:02.387-0500 INFO     ServiceEvent UNREGISTERING [org.eclipse.e4.ui.workbench]
2021-09-20T13:58:02.388-0500 INFO     ServiceEvent UNREGISTERING [org.eclipse.e4.ui.workbench]
2021-09-20T13:58:02.388-0500 INFO     BundleEvent STOPPED [org.eclipse.e4.ui.workbench]
2021-09-20T13:58:02.389-0500 INFO     BundleEvent STOPPED [org.eclipse.e4.ui.model.workbench]
2021-09-20T13:58:02.390-0500 INFO     BundleEvent STOPPED [org.eclipse.jdt.launching]
2021-09-20T13:58:02.391-0500 INFO     BundleEvent STOPPED [org.eclipse.jdt.debug]
2021-09-20T13:58:02.392-0500 INFO     BundleEvent STOPPED [com.comsol.cluster]
2021-09-20T13:58:02.393-0500 INFO     BundleEvent STOPPED [com.comsol.model]
2021-09-20T13:58:02.394-0500 INFO     BundleEvent STOPPED [org.eclipse.jdt.core]
2021-09-20T13:58:02.395-0500 INFO     ServiceEvent UNREGISTERING [org.eclipse.e4.ui.css.swt.theme]
2021-09-20T13:58:02.396-0500 INFO     BundleEvent STOPPED [org.eclipse.e4.ui.css.swt.theme]
2021-09-20T13:58:02.396-0500 INFO     BundleEvent STOPPED [com.comsol.loader]
2021-09-20T13:58:02.397-0500 INFO     BundleEvent STOPPED [org.eclipse.emf.ecore.edit]
2021-09-20T13:58:02.398-0500 INFO     Loggers un-registered with log service. [com.comsol.logger]
2021-09-20T13:58:02.399-0500 INFO     BundleEvent STOPPED [org.eclipse.emf.edit]
2021-09-20T13:58:02.399-0500 INFO     BundleEvent STOPPED [org.eclipse.emf.ecore.change]
2021-09-20T13:58:02.400-0500 INFO     BundleEvent STOPPED [com.comsol.graphicsswing]
2021-09-20T13:58:02.401-0500 INFO     BundleEvent STOPPED [com.comsol.gui]
2021-09-20T13:58:02.402-0500 INFO     BundleEvent STOPPED [com.comsol.widgets]
2021-09-20T13:58:02.403-0500 INFO     BundleEvent STOPPED [com.comsol.testcore]
2021-09-20T13:58:02.403-0500 INFO     BundleEvent STOPPED [com.comsol.nativemph]
2021-09-20T13:58:02.404-0500 INFO     BundleEvent STOPPED [com.comsol.textrenderer]
2021-09-20T13:58:02.405-0500 INFO     BundleEvent STOPPED [com.comsol.nativebasicutil]
2021-09-20T13:58:02.406-0500 INFO     BundleEvent STOPPED [com.comsol.renderer]
2021-09-20T13:58:02.407-0500 INFO     BundleEvent STOPPED [com.comsol.servicebridge]
2021-09-20T13:58:02.407-0500 INFO     BundleEvent STOPPED [com.comsol.nativeutil]
2021-09-20T13:58:02.408-0500 INFO     BundleEvent STOPPED [com.comsol.nativejni]
2021-09-20T13:58:02.409-0500 INFO     ServiceEvent UNREGISTERING [com.comsol.util]
2021-09-20T13:58:02.410-0500 INFO     BundleEvent STOPPED [com.comsol.util]
2021-09-20T13:58:02.411-0500 INFO     BundleEvent STOPPED [org.eclipse.emf.ecore.xmi]
2021-09-20T13:58:02.412-0500 INFO     BundleEvent STOPPED [org.eclipse.emf.ecore]
2021-09-20T13:58:02.412-0500 INFO     BundleEvent STOPPED [org.eclipse.net4j.util]
2021-09-20T13:58:02.413-0500 INFO     BundleEvent STOPPED [org.eclipse.emf.common]
2021-09-20T13:58:02.414-0500 INFO     BundleEvent STOPPED [org.eclipse.e4.ui.bindings]
2021-09-20T13:58:02.415-0500 INFO     BundleEvent STOPPED [org.eclipse.debug.core]
2021-09-20T13:58:02.419-0500 INFO     BundleEvent STOPPED [org.eclipse.help]
2021-09-20T13:58:02.420-0500 INFO     BundleEvent STOPPED [org.eclipse.team.core]
2021-09-20T13:58:02.421-0500 INFO     BundleEvent STOPPED [org.eclipse.core.resources]
2021-09-20T13:58:02.422-0500 INFO     BundleEvent STOPPED [org.eclipse.core.expressions]
