2021-09-20T13:54:41.096-0500 INFO     Loggers starting up... [com.comsol.logger]
2021-09-20T13:54:41.097-0500 INFO     File logger initialized. [com.comsol.logger]
2021-09-20T13:54:41.099-0500 INFO     Loggers registered with log service. [com.comsol.logger]
2021-09-20T13:54:41.100-0500 INFO     Loggers completed starting. [com.comsol.logger]
2021-09-20T13:54:41.102-0500 INFO     BundleEvent STARTED [com.comsol.logger]
2021-09-20T13:54:41.112-0500 INFO     COMSOL 5.4.0.388 starting. [com.comsol.util]
2021-09-20T13:54:41.287-0500 INFO     LD_LIBRARY_PATH=/shared/hpc/comsol/5.4/multiphysics/java/glnxa64/jre/lib/amd64/server:/shared/hpc/comsol/5.4/multiphysics/java/glnxa64/jre/lib/amd64:/shared/hpc/comsol/5.4/multiphysics/ext/graphicsmagick/glnxa64/:/shared/hpc/comsol/5.4/multiphysics/ext/impi/glnxa64/lib64:/shared/hpc/comsol/5.4/multiphysics/ext/cadimport/glnxa64:/shared/hpc/comsol/5.4/multiphysics/lib/glnxa64:/shared/hpc/comsol/5.4/multiphysics/lib/glnxa64/gcc [com.comsol.util]
2021-09-20T13:54:41.291-0500 INFO     BundleEvent STARTED [com.comsol.cluster]
2021-09-20T13:54:41.295-0500 INFO     BundleEvent STARTED [com.comsol.nativeutil]
2021-09-20T13:54:42.998-0500 INFO     BundleEvent STARTED [com.comsol.nativejni]
2021-09-20T13:54:44.265-0500 INFO     Node 0 is running on host: hpc-class14 [com.comsol.cluster]
2021-09-20T13:54:44.266-0500 INFO     Node 0 has address: hpc-class14 [com.comsol.cluster]
2021-09-20T13:54:44.267-0500 INFO     Node 1 is running on host: hpc-class14 [com.comsol.cluster]
2021-09-20T13:54:44.268-0500 INFO     Node 1 has address: hpc-class14 [com.comsol.cluster]
2021-09-20T13:54:44.269-0500 INFO     Node 2 is running on host: hpc-class15 [com.comsol.cluster]
2021-09-20T13:54:44.270-0500 INFO     Node 2 has address: hpc-class15 [com.comsol.cluster]
2021-09-20T13:54:44.271-0500 INFO     Node 3 is running on host: hpc-class15 [com.comsol.cluster]
2021-09-20T13:54:44.272-0500 INFO     Node 3 has address: hpc-class15 [com.comsol.cluster]
2021-09-20T13:54:44.273-0500 INFO     Node 4 is running on host: hpc-class16 [com.comsol.cluster]
2021-09-20T13:54:44.274-0500 INFO     Node 4 has address: hpc-class16 [com.comsol.cluster]
2021-09-20T13:54:44.275-0500 INFO     Node 5 is running on host: hpc-class16 [com.comsol.cluster]
2021-09-20T13:54:44.276-0500 INFO     Node 5 has address: hpc-class16 [com.comsol.cluster]
2021-09-20T13:54:44.277-0500 INFO     Node 6 is running on host: hpc-class32 [com.comsol.cluster]
2021-09-20T13:54:44.278-0500 INFO     Node 6 has address: hpc-class32 [com.comsol.cluster]
2021-09-20T13:54:44.279-0500 INFO     Node 7 is running on host: hpc-class32 [com.comsol.cluster]
2021-09-20T13:54:44.280-0500 INFO     Node 7 has address: hpc-class32 [com.comsol.cluster]
2021-09-20T13:54:44.281-0500 INFO     BundleEvent STARTED [com.comsol.batch]
2021-09-20T13:54:44.282-0500 INFO     ServiceEvent REGISTERED [org.eclipse.core.resources]
2021-09-20T13:54:44.348-0500 INFO     ServiceEvent REGISTERED [org.eclipse.core.resources]
2021-09-20T13:54:44.349-0500 INFO     BundleEvent STARTED [org.eclipse.core.resources]
2021-09-20T13:54:44.548-0500 INFO     BundleEvent STARTED [com.comsol.nativemph]
2021-09-20T13:54:44.550-0500 INFO     BundleEvent STARTED [com.comsol.model]
2021-09-20T13:54:44.696-0500 INFO     FrameworkEvent INFO [com.ibm.icu]
2021-09-20T13:54:44.697-0500 INFO     BundleEvent STARTED [com.ibm.icu]
2021-09-20T13:54:44.705-0500 INFO     BundleEvent STARTED [org.eclipse.emf.common]
2021-09-20T13:54:45.101-0500 INFO     BundleEvent STARTED [com.comsol.geommesh]
2021-09-20T13:54:45.209-0500 INFO     BundleEvent STARTED [com.comsol.post]
2021-09-20T13:54:45.245-0500 INFO     BundleEvent STARTED [com.comsol.loader]
2021-09-20T13:54:45.260-0500 INFO     BundleEvent STARTED [org.eclipse.emf.ecore]
2021-09-20T13:54:45.531-0500 INFO     BundleEvent STARTED [com.comsol.nativebasicutil]
2021-09-20T13:58:02.406-0500 DEBUG    ServiceEvent MODIFIED [org.eclipse.equinox.app]
2021-09-20T13:58:02.407-0500 DEBUG    ServiceEvent MODIFIED [org.eclipse.equinox.app]
2021-09-20T13:58:02.408-0500 DEBUG    ServiceEvent MODIFIED [org.eclipse.equinox.app]
2021-09-20T13:58:02.408-0500 DEBUG    ServiceEvent MODIFIED [org.eclipse.equinox.app]
2021-09-20T13:58:02.409-0500 DEBUG    ServiceEvent MODIFIED [org.eclipse.equinox.app]
2021-09-20T13:58:02.410-0500 DEBUG    ServiceEvent MODIFIED [org.eclipse.equinox.app]
2021-09-20T13:58:02.411-0500 DEBUG    ServiceEvent MODIFIED [org.eclipse.equinox.app]
2021-09-20T13:58:02.411-0500 DEBUG    ServiceEvent MODIFIED [org.eclipse.equinox.app]
2021-09-20T13:58:02.412-0500 DEBUG    ServiceEvent MODIFIED [org.eclipse.equinox.app]
2021-09-20T13:58:02.413-0500 DEBUG    ServiceEvent MODIFIED [org.eclipse.equinox.app]
2021-09-20T13:58:02.414-0500 DEBUG    ServiceEvent MODIFIED [org.eclipse.equinox.app]
2021-09-20T13:58:02.415-0500 DEBUG    ServiceEvent MODIFIED [org.eclipse.equinox.app]
2021-09-20T13:58:02.416-0500 DEBUG    ServiceEvent MODIFIED [org.eclipse.equinox.app]
2021-09-20T13:58:02.416-0500 DEBUG    ServiceEvent MODIFIED [org.eclipse.equinox.app]
2021-09-20T13:58:02.417-0500 DEBUG    ServiceEvent MODIFIED [org.eclipse.equinox.app]
2021-09-20T13:58:02.418-0500 DEBUG    ServiceEvent MODIFIED [org.eclipse.equinox.app]
2021-09-20T13:58:02.419-0500 DEBUG    ServiceEvent MODIFIED [org.eclipse.equinox.app]
2021-09-20T13:58:02.419-0500 DEBUG    ServiceEvent MODIFIED [org.eclipse.equinox.app]
2021-09-20T13:58:02.420-0500 DEBUG    ServiceEvent MODIFIED [org.eclipse.equinox.app]
2021-09-20T13:58:02.421-0500 DEBUG    ServiceEvent MODIFIED [org.eclipse.equinox.app]
2021-09-20T13:58:02.422-0500 DEBUG    ServiceEvent MODIFIED [org.eclipse.equinox.app]
2021-09-20T13:58:02.422-0500 INFO     ServiceEvent UNREGISTERING [org.eclipse.equinox.app]
2021-09-20T13:58:02.423-0500 INFO     ServiceEvent UNREGISTERING [org.eclipse.osgi]
2021-09-20T13:58:02.424-0500 INFO     ServiceEvent UNREGISTERING [org.eclipse.osgi]
2021-09-20T13:58:02.425-0500 INFO     BundleEvent STOPPED [com.comsol.bridge]
2021-09-20T13:58:02.426-0500 INFO     BundleEvent STOPPED [com.comsol.guipost]
2021-09-20T13:58:02.427-0500 INFO     BundleEvent STOPPED [com.comsol.guicapeopen]
2021-09-20T13:58:02.428-0500 INFO     BundleEvent STOPPED [com.comsol.guigeommesh]
2021-09-20T13:58:02.428-0500 INFO     BundleEvent STOPPED [com.comsol.guimph]
2021-09-20T13:58:02.429-0500 INFO     BundleEvent STOPPED [com.comsol.batch]
2021-09-20T13:58:02.430-0500 INFO     BundleEvent STOPPED [com.comsol.post]
2021-09-20T13:58:02.431-0500 INFO     BundleEvent STOPPED [com.comsol.geommesh]
2021-09-20T13:58:02.432-0500 INFO     BundleEvent STOPPED [com.comsol.guiswt]
2021-09-20T13:58:02.432-0500 INFO     BundleEvent STOPPED [com.comsol.widgets.swt]
2021-09-20T13:58:02.433-0500 INFO     BundleEvent STOPPED [org.eclipse.emf.edit.ui]
2021-09-20T13:58:02.434-0500 INFO     BundleEvent STOPPED [org.eclipse.emf.common.ui]
2021-09-20T13:58:02.435-0500 INFO     BundleEvent STOPPED [org.eclipse.ui]
2021-09-20T13:58:02.435-0500 INFO     ServiceEvent UNREGISTERING [org.eclipse.ui.workbench]
2021-09-20T13:58:02.436-0500 INFO     BundleEvent STOPPED [org.eclipse.ui.workbench]
2021-09-20T13:58:02.437-0500 INFO     BundleEvent STOPPED [org.eclipse.e4.ui.workbench.addons.swt]
2021-09-20T13:58:02.439-0500 INFO     BundleEvent STOPPED [org.eclipse.e4.ui.workbench.renderers.swt]
2021-09-20T13:58:02.440-0500 INFO     ServiceEvent UNREGISTERING [org.eclipse.e4.ui.workbench.swt]
2021-09-20T13:58:02.440-0500 INFO     ServiceEvent UNREGISTERING [org.eclipse.e4.ui.workbench.swt]
2021-09-20T13:58:02.441-0500 INFO     ServiceEvent UNREGISTERING [org.eclipse.e4.ui.workbench.swt]
2021-09-20T13:58:02.442-0500 INFO     BundleEvent STOPPED [org.eclipse.e4.ui.workbench.swt]
2021-09-20T13:58:02.443-0500 INFO     ServiceEvent UNREGISTERING [org.eclipse.e4.ui.workbench]
2021-09-20T13:58:02.444-0500 INFO     ServiceEvent UNREGISTERING [org.eclipse.e4.ui.workbench]
2021-09-20T13:58:02.445-0500 INFO     ServiceEvent UNREGISTERING [org.eclipse.e4.ui.workbench]
2021-09-20T13:58:02.446-0500 INFO     BundleEvent STOPPED [org.eclipse.e4.ui.workbench]
2021-09-20T13:58:02.447-0500 INFO     BundleEvent STOPPED [org.eclipse.e4.ui.model.workbench]
2021-09-20T13:58:02.448-0500 INFO     BundleEvent STOPPED [org.eclipse.jdt.launching]
2021-09-20T13:58:02.449-0500 INFO     BundleEvent STOPPED [org.eclipse.jdt.debug]
2021-09-20T13:58:02.449-0500 INFO     BundleEvent STOPPED [com.comsol.cluster]
2021-09-20T13:58:02.450-0500 INFO     BundleEvent STOPPED [com.comsol.model]
2021-09-20T13:58:02.451-0500 INFO     BundleEvent STOPPED [org.eclipse.jdt.core]
2021-09-20T13:58:02.452-0500 INFO     ServiceEvent UNREGISTERING [org.eclipse.e4.ui.css.swt.theme]
2021-09-20T13:58:02.453-0500 INFO     BundleEvent STOPPED [org.eclipse.e4.ui.css.swt.theme]
2021-09-20T13:58:02.454-0500 INFO     BundleEvent STOPPED [com.comsol.loader]
2021-09-20T13:58:02.455-0500 INFO     BundleEvent STOPPED [org.eclipse.emf.ecore.edit]
2021-09-20T13:58:02.455-0500 INFO     BundleEvent STOPPED [org.eclipse.emf.edit]
2021-09-20T13:58:02.456-0500 INFO     BundleEvent STOPPED [org.eclipse.emf.ecore.change]
2021-09-20T13:58:02.457-0500 INFO     BundleEvent STOPPED [com.comsol.graphicsswing]
2021-09-20T13:58:02.458-0500 INFO     BundleEvent STOPPED [com.comsol.gui]
2021-09-20T13:58:02.458-0500 INFO     BundleEvent STOPPED [com.comsol.widgets]
2021-09-20T13:58:02.459-0500 INFO     BundleEvent STOPPED [com.comsol.testcore]
2021-09-20T13:58:02.460-0500 INFO     BundleEvent STOPPED [com.comsol.nativemph]
2021-09-20T13:58:02.461-0500 INFO     BundleEvent STOPPED [com.comsol.textrenderer]
2021-09-20T13:58:02.462-0500 INFO     BundleEvent STOPPED [com.comsol.nativebasicutil]
2021-09-20T13:58:02.463-0500 INFO     BundleEvent STOPPED [com.comsol.renderer]
2021-09-20T13:58:02.464-0500 INFO     BundleEvent STOPPED [com.comsol.servicebridge]
2021-09-20T13:58:02.465-0500 INFO     BundleEvent STOPPED [com.comsol.nativeutil]
2021-09-20T13:58:02.466-0500 INFO     BundleEvent STOPPED [com.comsol.nativejni]
2021-09-20T13:58:02.466-0500 INFO     ServiceEvent UNREGISTERING [com.comsol.util]
2021-09-20T13:58:02.467-0500 INFO     BundleEvent STOPPED [com.comsol.util]
2021-09-20T13:58:02.468-0500 INFO     BundleEvent STOPPED [org.eclipse.emf.ecore.xmi]
2021-09-20T13:58:02.469-0500 INFO     BundleEvent STOPPED [org.eclipse.emf.ecore]
2021-09-20T13:58:02.470-0500 INFO     Loggers un-registered with log service. [com.comsol.logger]
2021-09-20T13:58:02.470-0500 INFO     BundleEvent STOPPED [org.eclipse.net4j.util]
2021-09-20T13:58:02.471-0500 INFO     BundleEvent STOPPED [org.eclipse.emf.common]
2021-09-20T13:58:02.472-0500 INFO     BundleEvent STOPPED [org.eclipse.e4.ui.bindings]
2021-09-20T13:58:02.473-0500 INFO     BundleEvent STOPPED [org.eclipse.debug.core]
2021-09-20T13:58:02.474-0500 INFO     BundleEvent STOPPED [org.eclipse.help]
2021-09-20T13:58:02.475-0500 INFO     BundleEvent STOPPED [org.eclipse.team.core]
2021-09-20T13:58:02.476-0500 INFO     ServiceEvent UNREGISTERING [org.eclipse.core.resources]
2021-09-20T13:58:02.477-0500 INFO     ServiceEvent UNREGISTERING [org.eclipse.core.resources]
2021-09-20T13:58:02.478-0500 INFO     BundleEvent STOPPED [org.eclipse.core.resources]
2021-09-20T13:58:02.479-0500 INFO     BundleEvent STOPPED [org.eclipse.core.expressions]
